#
# A fatal error has been detected by the Java Runtime Environment:
#
#  Internal Error (os_windows_x86.cpp:114), pid=91856, tid=92544
#  Error: guarantee(result == -1,"Unexpected result from topLevelExceptionFilter")
#
# JRE version: 6.0_17-b04
# Java VM: Java HotSpot(TM) 64-Bit Server VM (14.3-b01 mixed mode windows-amd64 )
# If you would like to submit a bug report, please visit:
#   http://java.sun.com/webapps/bugreport/crash.jsp
# The crash happened outside the Java Virtual Machine in native code.
# See problematic frame for where to report the bug.
#

---------------  T H R E A D  ---------------

Current thread (0x000000000550e800):  JavaThread "main" [_thread_in_native, id=92544, stack(0x0000000000140000,0x0000000004140000)]

Stack: [0x0000000000140000,0x0000000004140000]
[error occurred during error reporting (printing stack bounds), id 0xc0000005]

Java frames: (J=compiled Java code, j=interpreted, Vv=VM code)
j  com.mathworks.jmi.NativeMatlab.ProcessPendingEvents()Z+0
j  com.mathworks.jmi.NativeMatlab.processPendingEvents()Z+8
j  com.mathworks.jmi.Matlab$ProcessPendingEvents.callBooleanMethod(Ljava/lang/Object;)Z+0
j  com.mathworks.util.FactoryUtils.processPendingEvents()Z+12
j  com.mathworks.widgets.desk.Desktop.canClose()Z+38
j  com.mathworks.mde.desk.MLDesktop.canClose()Z+113
j  com.mathworks.mde.desk.MLDesktop$2.call()Ljava/lang/Boolean;+4
j  com.mathworks.mde.desk.MLDesktop$2.call()Ljava/lang/Object;+1
j  com.mathworks.jmi.Matlab.isOkToExit()Z+54
v  ~StubRoutines::call_stub
j  com.mathworks.jmi.NativeMatlab.SendMatlabMessage(Ljava/lang/Object;)Ljava/lang/Object;+0
j  com.mathworks.jmi.NativeMatlab.sendMatlabMessage(Ljava/lang/Object;)Ljava/lang/Object;+22
j  com.mathworks.jmi.MatlabLooper.sendMatlabMessage(Lcom/mathworks/services/message/MWMessage;)Ljava/lang/Object;+20
j  com.mathworks.jmi.Matlab.mtFevalConsoleOutput(Ljava/lang/String;[Ljava/lang/Object;I)Ljava/lang/Object;+58
j  com.mathworks.mde.desk.MLDesktop$9.run()V+14
j  com.mathworks.jmi.NativeMatlab.dispatchMTRequests(Z)V+57
v  ~StubRoutines::call_stub

---------------  P R O C E S S  ---------------

Java Threads: ( => current thread )
  0x000000000f5d6000 JavaThread "FileDecorationCache request queue" [_thread_blocked, id=99720, stack(0x0000000010f30000,0x0000000010fb0000)]
  0x000000000f5d3000 JavaThread "Image Fetcher 3" daemon [_thread_blocked, id=99708, stack(0x00000000112a0000,0x0000000011320000)]
  0x000000000f5d7800 JavaThread "Code Analyzer updating thread" [_thread_blocked, id=93392, stack(0x00000000314a0000,0x0000000031520000)]
  0x000000000f5ca800 JavaThread "Code Analyzer updating thread" [_thread_blocked, id=94168, stack(0x0000000030fa0000,0x0000000031020000)]
  0x000000000f5d7000 JavaThread "Prefs Updater" daemon [_thread_blocked, id=94164, stack(0x0000000030e80000,0x0000000030f00000)]
  0x000000000f5d4800 JavaThread "Code Analyzer updating thread" [_thread_blocked, id=93212, stack(0x000000005cea0000,0x000000005cf20000)]
  0x000000000f5d1800 JavaThread "Code Analyzer updating thread" [_thread_blocked, id=93192, stack(0x000000005cfb0000,0x000000005d030000)]
  0x000000000f5cf800 JavaThread "Active Reference Queue Daemon" daemon [_thread_blocked, id=92924, stack(0x0000000021510000,0x0000000021590000)]
  0x000000000f5d0800 JavaThread "Timer-11" daemon [_thread_blocked, id=88968, stack(0x000000005ce00000,0x000000005ce80000)]
  0x000000000f5d1000 JavaThread "Timer-10" daemon [_thread_blocked, id=92356, stack(0x000000005cc90000,0x000000005cd10000)]
  0x000000000f5ce000 JavaThread "Explorer NavigationContext request queue" [_thread_blocked, id=80684, stack(0x0000000059520000,0x00000000595a0000)]
  0x000000000f5cc800 JavaThread "AddressBar directory emptiness poller" [_thread_blocked, id=90976, stack(0x0000000059420000,0x00000000594a0000)]
  0x000000000f5cb000 JavaThread "Timer-1" [_thread_blocked, id=91500, stack(0x0000000055030000,0x00000000550b0000)]
  0x000000000f5ca000 JavaThread "TimerQueue" daemon [_thread_blocked, id=92688, stack(0x0000000029650000,0x00000000296d0000)]
  0x000000000f5c9000 JavaThread "AWT-EventQueue-0" [_thread_blocked, id=91752, stack(0x000000001d2a0000,0x000000001d320000)]
  0x000000000f5c8800 JavaThread "AWT-Shutdown" [_thread_blocked, id=91032, stack(0x000000000fe20000,0x000000000fea0000)]
  0x000000000f608000 JavaThread "FelixPackageAdmin" daemon [_thread_blocked, id=89356, stack(0x000000000fce0000,0x000000000fd60000)]
  0x000000000f607800 JavaThread "FelixStartLevel" daemon [_thread_blocked, id=90668, stack(0x000000001d330000,0x000000001d3b0000)]
  0x000000000e708000 JavaThread "FelixDispatchQueue" daemon [_thread_blocked, id=82840, stack(0x000000000ff20000,0x000000000ffa0000)]
  0x000000000e6e8800 JavaThread "com.google.common.base.internal.Finalizer" daemon [_thread_blocked, id=92584, stack(0x0000000014f00000,0x0000000014f80000)]
  0x000000000e575000 JavaThread "AWT-Windows" daemon [_thread_in_native, id=91112, stack(0x000000000d9e0000,0x000000000da60000)]
  0x000000000e14c800 JavaThread "Java2D Disposer" daemon [_thread_blocked, id=91132, stack(0x0000000008200000,0x0000000008280000)]
  0x000000000ee1e800 JavaThread "Timer-0" [_thread_blocked, id=90600, stack(0x000000000fd70000,0x000000000fdf0000)]
  0x000000000ed7b800 JavaThread "EventMgr Dispatcher" daemon [_thread_in_native, id=92816, stack(0x0000000019250000,0x000000001d250000)]
  0x000000000dd11800 JavaThread "Low Memory Detector" daemon [_thread_blocked, id=91052, stack(0x000000000dfa0000,0x000000000e020000)]
  0x000000000dd09000 JavaThread "CompilerThread1" daemon [_thread_blocked, id=81376, stack(0x0000000084130000,0x0000000088130000)]
  0x000000000dd03000 JavaThread "CompilerThread0" daemon [_thread_blocked, id=92580, stack(0x0000000080000000,0x0000000084000000)]
  0x000000000dd02000 JavaThread "Attach Listener" daemon [_thread_blocked, id=92740, stack(0x000000000e090000,0x000000000e110000)]
  0x000000000dca9800 JavaThread "Finalizer" daemon [_thread_blocked, id=92228, stack(0x000000000de70000,0x000000000def0000)]
  0x000000000dca3800 JavaThread "Reference Handler" daemon [_thread_blocked, id=93108, stack(0x000000000df20000,0x000000000dfa0000)]
=>0x000000000550e800 JavaThread "main" [_thread_in_native, id=92544, stack(0x0000000000140000,0x0000000004140000)]

Other Threads:
  0x000000000dca0800 VMThread [stack: 0x0000000066160000,0x000000006a160000] [id=90884]
  0x000000000dd3c000 WatcherThread [stack: 0x0000000088270000,0x000000008c270000] [id=91100]

VM state:not at safepoint (normal execution)

VM Mutex/Monitor currently owned by a thread: None

Heap
 PSYoungGen      total 18496K, used 2763K [0x0000000045bf0000, 0x00000000470a0000, 0x0000000048cf0000)
  eden space 17408K, 9% used [0x0000000045bf0000,0x0000000045d98568,0x0000000046cf0000)
  from space 1088K, 98% used [0x0000000046e70000,0x0000000046f7a9e8,0x0000000046f80000)
  to   space 1536K, 0% used [0x0000000046cf0000,0x0000000046cf0000,0x0000000046e70000)
 PSOldGen        total 71424K, used 65171K [0x000000003c8f0000, 0x0000000040eb0000, 0x0000000045bf0000)
  object space 71424K, 91% used [0x000000003c8f0000,0x0000000040894dc8,0x0000000040eb0000)
 PSPermGen       total 108160K, used 63035K [0x00000000348f0000, 0x000000003b290000, 0x000000003c8f0000)
  object space 108160K, 58% used [0x00000000348f0000,0x000000003867ed48,0x000000003b290000)

Dynamic libraries:
0x000000013ff50000 - 0x000000013ff82000 	E:\Matlab\bin\win64\MATLAB.exe
0x0000000077810000 - 0x00000000779b9000 	C:\Windows\SYSTEM32\ntdll.dll
0x00000000719e0000 - 0x0000000071a2e000 	C:\Program Files\AVAST Software\Avast\snxhk64.dll
0x00000000774e0000 - 0x00000000775ff000 	C:\Windows\system32\KERNEL32.dll
0x000007fefdf90000 - 0x000007fefdffc000 	C:\Windows\system32\KERNELBASE.dll
0x0000000074460000 - 0x0000000074554000 	E:\Matlab\bin\win64\libut.dll
0x00000000758a0000 - 0x0000000075952000 	E:\Matlab\bin\win64\libmwi18n.dll
0x0000000180000000 - 0x000000018000b000 	E:\Matlab\bin\win64\libmwresource_core.dll
0x0000000071c20000 - 0x0000000071cf3000 	C:\Windows\WinSxS\amd64_microsoft.vc90.crt_1fc8b3b9a1e18e3b_9.0.30729.6161_none_08e61857a83bc251\MSVCP90.dll
0x0000000071b70000 - 0x0000000071c13000 	C:\Windows\WinSxS\amd64_microsoft.vc90.crt_1fc8b3b9a1e18e3b_9.0.30729.6161_none_08e61857a83bc251\MSVCR90.dll
0x000000007a170000 - 0x000000007a19c000 	E:\Matlab\bin\win64\boost_filesystem-vc90-mt-1_44.dll
0x000000007a560000 - 0x000000007a569000 	E:\Matlab\bin\win64\boost_system-vc90-mt-1_44.dll
0x000007feff530000 - 0x000007feff60b000 	C:\Windows\system32\ADVAPI32.dll
0x000007feff890000 - 0x000007feff92f000 	C:\Windows\system32\msvcrt.dll
0x000007feffa60000 - 0x000007feffa7f000 	C:\Windows\SYSTEM32\sechost.dll
0x000007fefe040000 - 0x000007fefe16d000 	C:\Windows\system32\RPCRT4.dll
0x000000007a010000 - 0x000000007a035000 	E:\Matlab\bin\win64\LIBEXPAT.dll
0x0000000064440000 - 0x0000000064631000 	E:\Matlab\bin\win64\icuin44.dll
0x0000000061e60000 - 0x0000000061fd1000 	E:\Matlab\bin\win64\icuuc44.dll
0x0000000010000000 - 0x0000000010e41000 	E:\Matlab\bin\win64\icudt44.dll
0x0000000073f70000 - 0x00000000740ad000 	E:\Matlab\bin\win64\libmwfl.dll
0x0000000004410000 - 0x0000000004706000 	E:\Matlab\bin\win64\libmwMATLAB_res.dll
0x000000007a3b0000 - 0x000000007a3c0000 	E:\Matlab\bin\win64\boost_date_time-vc90-mt-1_44.dll
0x000000007a250000 - 0x000000007a263000 	E:\Matlab\bin\win64\boost_signals-vc90-mt-1_44.dll
0x000000007a2d0000 - 0x000000007a2e2000 	E:\Matlab\bin\win64\boost_thread-vc90-mt-1_44.dll
0x0000000004710000 - 0x0000000004756000 	E:\Matlab\bin\win64\tbb.dll
0x000007feffa40000 - 0x000007feffa59000 	C:\Windows\system32\imagehlp.dll
0x00000000779d0000 - 0x00000000779d7000 	C:\Windows\system32\PSAPI.DLL
0x0000000072360000 - 0x0000000072373000 	E:\Matlab\bin\win64\icuio44.dll
0x000007fefa230000 - 0x000007fefa355000 	C:\Windows\system32\dbghelp.dll
0x00000000773e0000 - 0x00000000774da000 	C:\Windows\system32\USER32.dll
0x000007feff230000 - 0x000007feff297000 	C:\Windows\system32\GDI32.dll
0x000007feff090000 - 0x000007feff09e000 	C:\Windows\system32\LPK.dll
0x000007fefefc0000 - 0x000007feff089000 	C:\Windows\system32\USP10.dll
0x000000007bed0000 - 0x000000007c183000 	E:\Matlab\bin\win64\libmwservices.dll
0x0000000075a20000 - 0x0000000075ae2000 	E:\Matlab\bin\win64\libmx.dll
0x000000007a210000 - 0x000000007a228000 	E:\Matlab\bin\win64\zlib1.dll
0x0000000004780000 - 0x00000000047a1000 	E:\Matlab\bin\win64\libmwmfl_scalar.dll
0x0000000075f10000 - 0x0000000075f5d000 	E:\Matlab\bin\win64\mpath.dll
0x000000007b680000 - 0x000000007bbe1000 	E:\Matlab\bin\win64\mlutil.dll
0x000000006efc0000 - 0x000000006f03f000 	E:\Matlab\bin\win64\xmlcore.dll
0x000000007bc30000 - 0x000000007be83000 	E:\Matlab\bin\win64\xerces-c_2_7.dll
0x000007feff1e0000 - 0x000007feff22d000 	C:\Windows\system32\WS2_32.dll
0x000007fefef80000 - 0x000007fefef88000 	C:\Windows\system32\NSI.dll
0x0000000004800000 - 0x000000000481a000 	E:\Matlab\bin\win64\libmwMATLAB_settings_res.dll
0x0000000004830000 - 0x0000000004877000 	E:\Matlab\bin\win64\boost_serialization-vc90-mt-1_44.dll
0x000007fefe170000 - 0x000007fefeef8000 	C:\Windows\system32\SHELL32.dll
0x000007feff2a0000 - 0x000007feff311000 	C:\Windows\system32\SHLWAPI.dll
0x000007fefaef0000 - 0x000007fefaf90000 	C:\Windows\WinSxS\amd64_microsoft.windows.common-controls_6595b64144ccf1df_5.82.7601.17514_none_a4d6a923711520a9\COMCTL32.dll
0x000007feffa80000 - 0x000007feffb17000 	C:\Windows\system32\COMDLG32.dll
0x000007fefb470000 - 0x000007fefb486000 	C:\Windows\system32\NETAPI32.dll
0x000007fefb460000 - 0x000007fefb46c000 	C:\Windows\system32\netutils.dll
0x000007fefd8b0000 - 0x000007fefd8d3000 	C:\Windows\system32\srvcli.dll
0x000007fefb080000 - 0x000007fefb095000 	C:\Windows\system32\wkscli.dll
0x000007feff320000 - 0x000007feff523000 	C:\Windows\system32\ole32.dll
0x000007feff100000 - 0x000007feff1d7000 	C:\Windows\system32\OLEAUT32.dll
0x0000000074970000 - 0x0000000074b06000 	E:\Matlab\bin\win64\mcr.dll
0x0000000075000000 - 0x000000007536b000 	E:\Matlab\bin\win64\iqm.dll
0x000000005e780000 - 0x000000005efa1000 	E:\Matlab\bin\win64\m_interpreter.dll
0x0000000070300000 - 0x0000000070325000 	E:\Matlab\bin\win64\libmex.dll
0x0000000065ec0000 - 0x0000000065f73000 	E:\Matlab\bin\win64\m_dispatcher.dll
0x0000000074880000 - 0x000000007496d000 	E:\Matlab\bin\win64\boost_regex-vc90-mt-1_44.dll
0x000000006ef30000 - 0x000000006efb4000 	E:\Matlab\bin\win64\profiler.dll
0x0000000004900000 - 0x0000000004b55000 	E:\Matlab\bin\win64\libmwmathutil.dll
0x0000000079f40000 - 0x0000000079f6d000 	E:\Matlab\bin\win64\libmwmathrng.dll
0x0000000074c10000 - 0x0000000074ced000 	E:\Matlab\bin\win64\libmwmathcore.dll
0x0000000076160000 - 0x00000000761cb000 	E:\Matlab\bin\win64\libmwspmatrix.dll
0x0000000075ea0000 - 0x0000000075f02000 	E:\Matlab\bin\win64\libmwcholmod.dll
0x000000007a460000 - 0x000000007a46d000 	E:\Matlab\bin\win64\libmwamd.dll
0x000000007a4b0000 - 0x000000007a4bc000 	E:\Matlab\bin\win64\libmwcolamd.dll
0x0000000072340000 - 0x0000000072359000 	E:\Matlab\bin\win64\libmwblas.dll
0x0000000071860000 - 0x0000000071872000 	E:\Matlab\bin\win64\libmwbinder.dll
0x0000000072450000 - 0x000000007245b000 	E:\Matlab\bin\win64\libmwompwrapper.dll
0x0000000061dd0000 - 0x0000000061e56000 	E:\Matlab\bin\win64\libmwlapack.dll
0x000000006ff90000 - 0x000000006ffb1000 	E:\Matlab\bin\win64\m_pcodeio.dll
0x0000000079b10000 - 0x0000000079b77000 	E:\Matlab\bin\win64\m_ir.dll
0x000000005e130000 - 0x000000005e780000 	E:\Matlab\bin\win64\m_parser.dll
0x0000000072430000 - 0x000000007244a000 	E:\Matlab\bin\win64\ir_xfmr.dll
0x000000005d9b0000 - 0x000000005dc29000 	E:\Matlab\bin\win64\mcos.dll
0x0000000071ab0000 - 0x0000000071abc000 	E:\Matlab\bin\win64\mtok.dll
0x000000006ff50000 - 0x000000006ff81000 	E:\Matlab\bin\win64\m_pcodegen.dll
0x0000000079fb0000 - 0x0000000079fe7000 	E:\Matlab\bin\win64\libmwbridge.dll
0x0000000061d00000 - 0x0000000061dc8000 	E:\Matlab\bin\win64\udd.dll
0x000000005d850000 - 0x000000005d9a2000 	E:\Matlab\bin\win64\libmwgui.dll
0x000000006fec0000 - 0x000000006fed7000 	E:\Matlab\bin\win64\graphics_util.dll
0x0000000059990000 - 0x000000005a333000 	E:\Matlab\bin\win64\hg.dll
0x0000000004cd0000 - 0x0000000004d37000 	E:\Matlab\bin\win64\libmat.dll
0x0000000072d30000 - 0x0000000072f44000 	E:\Matlab\bin\win64\hdf5dll.dll
0x0000000075710000 - 0x00000000757c1000 	E:\Matlab\bin\win64\jmi.dll
0x0000000004d70000 - 0x0000000004d7e000 	E:\Matlab\bin\win64\nativejava_services.dll
0x000000006fe70000 - 0x000000006feb2000 	E:\Matlab\bin\win64\libmwhardcopy.dll
0x000000006be50000 - 0x000000006beaa000 	E:\Matlab\bin\win64\libuij.dll
0x000000005d640000 - 0x000000005d84c000 	E:\Matlab\bin\win64\hgdatatypes.dll
0x0000000061c00000 - 0x0000000061cfd000 	E:\Matlab\bin\win64\hgutils.dll
0x000000005e070000 - 0x000000005e12d000 	E:\Matlab\bin\win64\udd_mi.dll
0x0000000004de0000 - 0x0000000004e1b000 	E:\Matlab\bin\win64\libmwgbtutils.dll
0x0000000004e30000 - 0x0000000004e49000 	E:\Matlab\bin\win64\libmwgbt.dll
0x0000000004e60000 - 0x000000000512a000 	E:\Matlab\bin\win64\uiw.dll
0x0000000071690000 - 0x000000007169f000 	E:\Matlab\bin\win64\uinone.dll
0x000007fef9c00000 - 0x000007fef9c18000 	C:\Windows\system32\MPR.dll
0x000000005d150000 - 0x000000005d634000 	C:\Windows\WinSxS\amd64_microsoft.vc90.mfc_1fc8b3b9a1e18e3b_9.0.30729.6161_none_044aad0bab1eb146\mfc90.dll
0x000007fefac90000 - 0x000007fefac97000 	C:\Windows\system32\MSIMG32.dll
0x000007fefa1b0000 - 0x000007fefa221000 	C:\Windows\system32\WINSPOOL.DRV
0x000000006fd00000 - 0x000000006fd20000 	E:\Matlab\bin\win64\mwoles05.DLL
0x0000000065e40000 - 0x0000000065ebc000 	E:\Matlab\bin\win64\comcli.dll
0x000000006a960000 - 0x000000006a98f000 	C:\Windows\WinSxS\amd64_microsoft.vc90.atl_1fc8b3b9a1e18e3b_9.0.30729.6161_none_0a1fd3a3a768b895\ATL90.DLL
0x00000000712f0000 - 0x00000000712fc000 	E:\Matlab\bin\win64\mlautoregister.dll
0x0000000005180000 - 0x0000000005190000 	E:\Matlab\bin\win64\boost_iostreams-vc90-mt-1_44.dll
0x000007fefef90000 - 0x000007fefefbe000 	C:\Windows\system32\IMM32.DLL
0x000007feff930000 - 0x000007feffa39000 	C:\Windows\system32\MSCTF.dll
0x000007fefc3b0000 - 0x000007fefc406000 	C:\Windows\system32\UxTheme.dll
0x000007fefbc40000 - 0x000007fefbc58000 	C:\Windows\system32\dwmapi.dll
0x0000000005490000 - 0x00000000054b9000 	E:\Matlab\bin\win64\tbbmalloc.dll
0x000007fefdc70000 - 0x000007fefdc7f000 	C:\Windows\system32\profapi.dll
0x000007fefb9b0000 - 0x000007fefb9bf000 	E:\Matlab\bin\win64\xmlxrcsc.dll
0x000007fefdba0000 - 0x000007fefdbaf000 	C:\Windows\system32\CRYPTBASE.dll
0x000007fefc460000 - 0x000007fefc654000 	C:\Windows\WinSxS\amd64_microsoft.windows.common-controls_6595b64144ccf1df_6.0.7601.17514_none_fa396087175ac9ac\comctl32.dll
0x000007feff6b0000 - 0x000007feff887000 	C:\Windows\system32\SETUPAPI.dll
0x000007fefdf30000 - 0x000007fefdf66000 	C:\Windows\system32\CFGMGR32.dll
0x000007fefdf70000 - 0x000007fefdf8a000 	C:\Windows\system32\DEVOBJ.dll
0x000007feff610000 - 0x000007feff6a9000 	C:\Windows\system32\CLBCatQ.DLL
0x000007fefc670000 - 0x000007fefc79c000 	C:\Windows\system32\propsys.dll
0x000007fefc140000 - 0x000007fefc16d000 	C:\Windows\system32\ntmarta.dll
0x000007feff0a0000 - 0x000007feff0f2000 	C:\Windows\system32\WLDAP32.dll
0x0000000078870000 - 0x0000000078ecd000 	E:\Matlab\sys\java\jre\win64\jre\bin\server\jvm.dll
0x000007fefbdc0000 - 0x000007fefbdfb000 	C:\Windows\system32\WINMM.dll
0x000007fefb910000 - 0x000007fefb937000 	C:\Windows\system32\iphlpapi.dll
0x000007fefb900000 - 0x000007fefb90b000 	C:\Windows\system32\WINNSI.DLL

VM Arguments:
jvm_args: -Xss512k -XX:PermSize=32m -Xms64m -XX:NewRatio=3 -XX:MaxPermSize=128m -Xmx196m -XX:MaxDirectMemorySize=2147400000 -Dsun.java2d.noddraw=true -Dsun.awt.nopixfmt=true -Xshare:off -Xrs -Dsun.awt.disableMixing=true -Djava.library.path=E:\Matlab\bin\win64 vfprintf abort 
java_command: <unknown>
Launcher Type: generic

Environment Variables:
PATH=C:\ProgramData\Oracle\Java\javapath;C:\Program Files (x86)\Common Files\ArchestrA\;C:\WinAVR-20100110\bin;C:\WinAVR-20100110\utils\bin;C:\Program Files\Common Files\Microsoft Shared\Windows Live;C:\Program Files (x86)\Common Files\Microsoft Shared\Windows Live;C:\Windows\system32;C:\Windows;C:\Windows\System32\Wbem;C:\Windows\System32\WindowsPowerShell\v1.0\;C:\Program Files (x86)\Windows Live\Shared;C:\Program Files (x86)\EgisTec MyWinLocker\x64;C:\Program Files (x86)\EgisTec MyWinLocker\;C:\Program Files (x86)\ATI Technologies\ATI.ACE\Core-Static;C:\Program Files\Java\jdk1.7.0_07\bin;D:\Android2\tools;D:\Android2\platform-tools;E:\Matlab\runtime\win64;E:\Matlab\bin;c:\Program Files (x86)\Microsoft SQL Server\100\Tools\Binn\;c:\Program Files\Microsoft SQL Server\100\Tools\Binn\;c:\Program Files\Microsoft SQL Server\100\DTS\Binn\;C:\wamp\bin\mysql\mysql5.6.12\bin;C:\Program Files (x86)\MiKTeX 2.9\miktex\bin\;C:\PROGRA~2\FANUC\Shared\UTILIT~1;C:\PROGRA~2\FANUC\WinOLPC\bin;C:\Program Files (x86)\MATLAB\MATLAB Component Runtime\v76\runtime\win32
USERNAME=Rudy
OS=Windows_NT
PROCESSOR_IDENTIFIER=Intel64 Family 6 Model 42 Stepping 7, GenuineIntel



---------------  S Y S T E M  ---------------

OS: Windows 7 Build 7601 Service Pack 1

CPU:total 4 (8 cores per cpu, 2 threads per core) family 6 model 42 stepping 7, cmov, cx8, fxsr, mmx, sse, sse2, sse3, ssse3, sse4.1, sse4.2, ht

Memory: 4k page, physical 8370032k(3897628k free), swap 16738212k(11526256k free)

vm_info: Java HotSpot(TM) 64-Bit Server VM (14.3-b01) for windows-amd64 JRE (1.6.0_17-b04), built on Oct 11 2009 00:46:08 by "java_re" with MS VC++ 8.0

time: Wed Apr 08 19:00:52 2015
elapsed time: 3950 seconds

